56984
18161
53974
10583
19524
24877
18018
1011
59568
58153
26286
60495
57308
35045
16314
65131
7624
52833
40326
5703
20084
61341
3090
53219
56800
59545
55134
34623
63500
30037
2922
22619
35064
4561
29750
7991
15524
64013
40386
30675
32528
10761
54286
48687
31804
24005
8986
3659
8232
4417
22246
17447
5844
32893
64370
64451
52288
42873
23742
37151
27756
16949
34506
8251
58200
52401
17814
34071
56580
33517
9506
23475
50544
24809
29038
15
51356
8869
13946
36395
53896
17441
16454
57863
36660
349
6866
38819
27296
22105
4638
2815
37068
65301
12842
22555
60856
30609
18166
23287
11620
64461
56450
44947
48080
34761
16078
45551
50428
55173
31194
32267
13544
26369
22950
61415
46996
29245
27186
41859
47360
62777
63358
62687
25900
44021
3466
65531
43032
4721
30806
41175
11716
25773
50146
29555
25136
40617
15406
54223
29020
31845
60730
56811
18248
31201
41734
28103
36852
54045
59794
8035
46944
33817
3294
20159
59788
18645
6378
6107
4728
40273
55734
22199
56868
48525
56130
42835
47248
42377
27022
26031
52668
4421
37018
44491
2472
31937
7270
23463
6228
9213
39154
2883
26048
761
21054
6303
7660
54709
21578
40891
11480
6193
27414
31895
16004
1645
8866
19251
